<?xml version="1.0" encoding="UTF-8"?>
<!-- Generated by org.testng.reporters.JUnitXMLReporter -->
<testsuite ignored="1" hostname="Supriya-DELL" failures="0" tests="1" name="Default test" time="11.78" errors="0" timestamp="2023-08-03T14:49:33 IST">
  <testcase classname="Vtiger.OrganizationsTests.CreateOrgWithIndustryTest" name="createOrgWithIndustryTest" time="5.029"/>
  <testcase classname="Vtiger.OrganizationsTests.CreateOrgWithIndustryTest" name="sample" time="0.0">
    <ignored/>
  </testcase> <!-- sample -->
</testsuite> <!-- Default test -->
