<?xml version="1.0" encoding="UTF-8"?>
<testng-results ignored="0" total="2" passed="2" failed="0" skipped="0">
  <reporter-output>
  </reporter-output>
  <suite started-at="2023-08-03T14:50:03 IST" name="Suite" finished-at="2023-08-03T14:50:18 IST" duration-ms="14389">
    <groups>
    </groups>
    <test started-at="2023-08-03T14:50:03 IST" name="Test" finished-at="2023-08-03T14:50:18 IST" duration-ms="14389">
      <class name="Vtiger.OrganizationsTests.CreateOrgWithIndustryTest">
        <test-method is-config="true" signature="bcConfig()[pri:0, instance:Vtiger.OrganizationsTests.CreateOrgWithIndustryTest@7ce026d3]" started-at="2023-08-03T14:50:03 IST" name="bcConfig" finished-at="2023-08-03T14:50:07 IST" duration-ms="3299" status="PASS">
          <reporter-output>
          </reporter-output>
        </test-method> <!-- bcConfig -->
        <test-method is-config="true" signature="bmConfig()[pri:0, instance:Vtiger.OrganizationsTests.CreateOrgWithIndustryTest@7ce026d3]" started-at="2023-08-03T14:50:07 IST" name="bmConfig" finished-at="2023-08-03T14:50:08 IST" duration-ms="1291" status="PASS">
          <reporter-output>
          </reporter-output>
        </test-method> <!-- bmConfig -->
        <test-method signature="createOrgWithIndustryTest()[pri:0, instance:Vtiger.OrganizationsTests.CreateOrgWithIndustryTest@7ce026d3]" started-at="2023-08-03T14:50:08 IST" name="createOrgWithIndustryTest" finished-at="2023-08-03T14:50:13 IST" duration-ms="4909" status="PASS">
          <reporter-output>
          </reporter-output>
        </test-method> <!-- createOrgWithIndustryTest -->
        <test-method is-config="true" signature="amConfig()[pri:0, instance:Vtiger.OrganizationsTests.CreateOrgWithIndustryTest@7ce026d3]" started-at="2023-08-03T14:50:13 IST" name="amConfig" finished-at="2023-08-03T14:50:14 IST" duration-ms="1754" status="PASS">
          <reporter-output>
          </reporter-output>
        </test-method> <!-- amConfig -->
        <test-method is-config="true" signature="bmConfig()[pri:0, instance:Vtiger.OrganizationsTests.CreateOrgWithIndustryTest@7ce026d3]" started-at="2023-08-03T14:50:14 IST" name="bmConfig" finished-at="2023-08-03T14:50:16 IST" duration-ms="1167" status="PASS">
          <reporter-output>
          </reporter-output>
        </test-method> <!-- bmConfig -->
        <test-method signature="sample()[pri:0, instance:Vtiger.OrganizationsTests.CreateOrgWithIndustryTest@7ce026d3]" started-at="2023-08-03T14:50:16 IST" name="sample" finished-at="2023-08-03T14:50:16 IST" duration-ms="2" status="PASS">
          <reporter-output>
          </reporter-output>
        </test-method> <!-- sample -->
        <test-method is-config="true" signature="amConfig()[pri:0, instance:Vtiger.OrganizationsTests.CreateOrgWithIndustryTest@7ce026d3]" started-at="2023-08-03T14:50:16 IST" name="amConfig" finished-at="2023-08-03T14:50:17 IST" duration-ms="1790" status="PASS">
          <reporter-output>
          </reporter-output>
        </test-method> <!-- amConfig -->
        <test-method is-config="true" signature="acConfig()[pri:0, instance:Vtiger.OrganizationsTests.CreateOrgWithIndustryTest@7ce026d3]" started-at="2023-08-03T14:50:17 IST" name="acConfig" finished-at="2023-08-03T14:50:18 IST" duration-ms="134" status="PASS">
          <reporter-output>
          </reporter-output>
        </test-method> <!-- acConfig -->
        <test-method is-config="true" signature="asConfig()[pri:0, instance:Vtiger.OrganizationsTests.CreateOrgWithIndustryTest@7ce026d3]" started-at="2023-08-03T14:50:18 IST" name="asConfig" finished-at="2023-08-03T14:50:18 IST" duration-ms="0" status="PASS">
          <reporter-output>
          </reporter-output>
        </test-method> <!-- asConfig -->
      </class> <!-- Vtiger.OrganizationsTests.CreateOrgWithIndustryTest -->
    </test> <!-- Test -->
  </suite> <!-- Suite -->
</testng-results>
